Determining if the pthread_create exist failed with the following output:
Change Dir: /home/jrv/MyStuff/Advanced Robotics/kuka_experimental_ws/build/CMakeFiles/CMakeTmp

Run Build Command:"/usr/bin/make" "cmTC_ac014/fast"
/usr/bin/make -f CMakeFiles/cmTC_ac014.dir/build.make CMakeFiles/cmTC_ac014.dir/build
make[1]: Entering directory '/home/jrv/MyStuff/Advanced Robotics/kuka_experimental_ws/build/CMakeFiles/CMakeTmp'
Building C object CMakeFiles/cmTC_ac014.dir/CheckSymbolExists.c.o
/usr/bin/cc    -o CMakeFiles/cmTC_ac014.dir/CheckSymbolExists.c.o   -c "/home/jrv/MyStuff/Advanced Robotics/kuka_experimental_ws/build/CMakeFiles/CMakeTmp/CheckSymbolExists.c"
Linking C executable cmTC_ac014
/usr/local/bin/cmake -E cmake_link_script CMakeFiles/cmTC_ac014.dir/link.txt --verbose=1
/usr/bin/cc      -rdynamic CMakeFiles/cmTC_ac014.dir/CheckSymbolExists.c.o  -o cmTC_ac014 
CMakeFiles/cmTC_ac014.dir/CheckSymbolExists.c.o: In function `main':
CheckSymbolExists.c:(.text+0x16): undefined reference to `pthread_create'
collect2: error: ld returned 1 exit status
CMakeFiles/cmTC_ac014.dir/build.make:97: recipe for target 'cmTC_ac014' failed
make[1]: *** [cmTC_ac014] Error 1
make[1]: Leaving directory '/home/jrv/MyStuff/Advanced Robotics/kuka_experimental_ws/build/CMakeFiles/CMakeTmp'
Makefile:126: recipe for target 'cmTC_ac014/fast' failed
make: *** [cmTC_ac014/fast] Error 2

File /home/jrv/MyStuff/Advanced Robotics/kuka_experimental_ws/build/CMakeFiles/CMakeTmp/CheckSymbolExists.c:
/* */
#include <pthread.h>

int main(int argc, char** argv)
{
  (void)argv;
#ifndef pthread_create
  return ((int*)(&pthread_create))[argc];
#else
  (void)argc;
  return 0;
#endif
}

Determining if the function pthread_create exists in the pthreads failed with the following output:
Change Dir: /home/jrv/MyStuff/Advanced Robotics/kuka_experimental_ws/build/CMakeFiles/CMakeTmp

Run Build Command:"/usr/bin/make" "cmTC_2b6c9/fast"
/usr/bin/make -f CMakeFiles/cmTC_2b6c9.dir/build.make CMakeFiles/cmTC_2b6c9.dir/build
make[1]: Entering directory '/home/jrv/MyStuff/Advanced Robotics/kuka_experimental_ws/build/CMakeFiles/CMakeTmp'
Building C object CMakeFiles/cmTC_2b6c9.dir/CheckFunctionExists.c.o
/usr/bin/cc   -DCHECK_FUNCTION_EXISTS=pthread_create   -o CMakeFiles/cmTC_2b6c9.dir/CheckFunctionExists.c.o   -c /usr/local/share/cmake-3.9/Modules/CheckFunctionExists.c
Linking C executable cmTC_2b6c9
/usr/local/bin/cmake -E cmake_link_script CMakeFiles/cmTC_2b6c9.dir/link.txt --verbose=1
/usr/bin/cc  -DCHECK_FUNCTION_EXISTS=pthread_create    -rdynamic CMakeFiles/cmTC_2b6c9.dir/CheckFunctionExists.c.o  -o cmTC_2b6c9 -lpthreads 
/usr/bin/ld: cannot find -lpthreads
collect2: error: ld returned 1 exit status
CMakeFiles/cmTC_2b6c9.dir/build.make:97: recipe for target 'cmTC_2b6c9' failed
make[1]: *** [cmTC_2b6c9] Error 1
make[1]: Leaving directory '/home/jrv/MyStuff/Advanced Robotics/kuka_experimental_ws/build/CMakeFiles/CMakeTmp'
Makefile:126: recipe for target 'cmTC_2b6c9/fast' failed
make: *** [cmTC_2b6c9/fast] Error 2


